mode: set
praktikum/rest/controller/booksController.go:14.50,17.16 2 1
praktikum/rest/controller/booksController.go:17.16,21.3 1 1
praktikum/rest/controller/booksController.go:23.2,24.33 2 1
praktikum/rest/controller/booksController.go:24.33,32.3 1 1
praktikum/rest/controller/booksController.go:34.2,37.4 1 1
praktikum/rest/controller/booksController.go:41.51,43.16 2 1
praktikum/rest/controller/booksController.go:43.16,47.3 1 1
praktikum/rest/controller/booksController.go:49.2,50.16 2 1
praktikum/rest/controller/booksController.go:50.16,54.3 1 0
praktikum/rest/controller/booksController.go:56.2,59.4 1 1
praktikum/rest/controller/booksController.go:63.50,69.16 5 1
praktikum/rest/controller/booksController.go:69.16,74.3 2 1
praktikum/rest/controller/booksController.go:76.2,78.40 3 1
praktikum/rest/controller/booksController.go:82.54,85.16 2 1
praktikum/rest/controller/booksController.go:85.16,89.3 1 0
praktikum/rest/controller/booksController.go:90.2,92.16 3 1
praktikum/rest/controller/booksController.go:92.16,97.3 2 0
praktikum/rest/controller/booksController.go:98.2,99.40 2 1
praktikum/rest/controller/booksController.go:104.50,106.44 2 1
praktikum/rest/controller/booksController.go:106.44,110.3 1 0
praktikum/rest/controller/booksController.go:111.2,114.16 3 1
praktikum/rest/controller/booksController.go:114.16,119.3 2 0
praktikum/rest/controller/booksController.go:121.2,122.16 2 1
praktikum/rest/controller/booksController.go:122.16,127.3 2 1
praktikum/rest/controller/booksController.go:128.2,130.40 3 1
praktikum/rest/controller/userController.go:37.47,40.16 2 1
praktikum/rest/controller/userController.go:40.16,44.3 1 1
praktikum/rest/controller/userController.go:46.2,47.33 2 1
praktikum/rest/controller/userController.go:47.33,54.3 1 1
praktikum/rest/controller/userController.go:56.2,59.4 1 1
praktikum/rest/controller/userController.go:63.46,72.16 2 1
praktikum/rest/controller/userController.go:72.16,76.3 1 1
praktikum/rest/controller/userController.go:84.2,85.16 2 1
praktikum/rest/controller/userController.go:85.16,90.3 1 0
praktikum/rest/controller/userController.go:92.2,95.4 1 1
praktikum/rest/controller/userController.go:99.49,106.16 5 1
praktikum/rest/controller/userController.go:106.16,109.3 2 1
praktikum/rest/controller/userController.go:111.2,114.40 3 1
praktikum/rest/controller/userController.go:118.49,128.16 3 1
praktikum/rest/controller/userController.go:128.16,133.3 2 0
praktikum/rest/controller/userController.go:141.2,142.16 2 1
praktikum/rest/controller/userController.go:142.16,147.3 2 0
praktikum/rest/controller/userController.go:148.2,149.40 2 1
praktikum/rest/controller/userController.go:154.49,165.16 3 1
praktikum/rest/controller/userController.go:165.16,170.3 2 1
praktikum/rest/controller/userController.go:178.2,179.44 2 1
praktikum/rest/controller/userController.go:179.44,184.3 2 1
praktikum/rest/controller/userController.go:186.2,187.16 2 1
praktikum/rest/controller/userController.go:187.16,192.3 2 1
praktikum/rest/controller/userController.go:193.2,195.40 3 1
